<?xml version="1.0" encoding="UTF-8"?>
<testsuite name="com.example.demo.DemoApplicationTests" tests="1" skipped="0" failures="0" errors="0" timestamp="2017-10-17T00:41:08" hostname="C9090970E5D7970" time="0.054">
  <properties/>
  <testcase name="contextLoads" classname="com.example.demo.DemoApplicationTests" time="0.054"/>
  <system-out><![CDATA[20:41:03.819 [Test worker] DEBUG org.springframework.test.context.junit4.SpringJUnit4ClassRunner - SpringJUnit4ClassRunner constructor called with [class com.example.demo.DemoApplicationTests]
20:41:03.827 [Test worker] DEBUG org.springframework.test.context.BootstrapUtils - Instantiating CacheAwareContextLoaderDelegate from class [org.springframework.test.context.cache.DefaultCacheAwareContextLoaderDelegate]
20:41:03.844 [Test worker] DEBUG org.springframework.test.context.BootstrapUtils - Instantiating BootstrapContext using constructor [public org.springframework.test.context.support.DefaultBootstrapContext(java.lang.Class,org.springframework.test.context.CacheAwareContextLoaderDelegate)]
20:41:03.864 [Test worker] DEBUG org.springframework.test.context.BootstrapUtils - Instantiating TestContextBootstrapper for test class [com.example.demo.DemoApplicationTests] from class [org.springframework.boot.test.context.SpringBootTestContextBootstrapper]
20:41:03.887 [Test worker] INFO org.springframework.boot.test.context.SpringBootTestContextBootstrapper - Neither @ContextConfiguration nor @ContextHierarchy found for test class [com.example.demo.DemoApplicationTests], using SpringBootContextLoader
20:41:03.892 [Test worker] DEBUG org.springframework.test.context.support.AbstractContextLoader - Did not detect default resource location for test class [com.example.demo.DemoApplicationTests]: class path resource [com/example/demo/DemoApplicationTests-context.xml] does not exist
20:41:03.893 [Test worker] DEBUG org.springframework.test.context.support.AbstractContextLoader - Did not detect default resource location for test class [com.example.demo.DemoApplicationTests]: class path resource [com/example/demo/DemoApplicationTestsContext.groovy] does not exist
20:41:03.893 [Test worker] INFO org.springframework.test.context.support.AbstractContextLoader - Could not detect default resource locations for test class [com.example.demo.DemoApplicationTests]: no resource found for suffixes {-context.xml, Context.groovy}.
20:41:03.894 [Test worker] INFO org.springframework.test.context.support.AnnotationConfigContextLoaderUtils - Could not detect default configuration classes for test class [com.example.demo.DemoApplicationTests]: DemoApplicationTests does not declare any static, non-private, non-final, nested classes annotated with @Configuration.
20:41:03.959 [Test worker] DEBUG org.springframework.test.context.support.ActiveProfilesUtils - Could not find an 'annotation declaring class' for annotation type [org.springframework.test.context.ActiveProfiles] and class [com.example.demo.DemoApplicationTests]
20:41:03.975 [Test worker] DEBUG org.springframework.core.env.StandardEnvironment - Adding PropertySource 'systemProperties' with lowest search precedence
20:41:03.975 [Test worker] DEBUG org.springframework.core.env.StandardEnvironment - Adding PropertySource 'systemEnvironment' with lowest search precedence
20:41:03.976 [Test worker] DEBUG org.springframework.core.env.StandardEnvironment - Initialized StandardEnvironment with PropertySources [MapPropertySource@21669395 {name='systemProperties', properties={java.runtime.name=Java(TM) SE Runtime Environment, sun.boot.library.path=C:\opt\isv\devtools\jdk1.8.0_45\jre\bin, java.vm.version=25.45-b02, java.vm.vendor=Oracle Corporation, java.vendor.url=http://java.oracle.com/, path.separator=;, java.vm.name=Java HotSpot(TM) Client VM, file.encoding.pkg=sun.io, user.script=, sun.java.launcher=SUN_STANDARD, user.country=US, sun.os.patch.level=Service Pack 1, java.vm.specification.name=Java Virtual Machine Specification, user.dir=C:\Users\vxp8559\Documents\PCF Demo\demo\demo, java.runtime.version=1.8.0_45-b15, java.awt.graphicsenv=sun.awt.Win32GraphicsEnvironment, java.endorsed.dirs=C:\opt\isv\devtools\jdk1.8.0_45\jre\lib\endorsed, os.arch=x86, java.io.tmpdir=C:\Users\vxp8559\AppData\Local\Temp\1\, line.separator=
, java.vm.specification.vendor=Oracle Corporation, user.variant=, os.name=Windows 7, sun.jnu.encoding=Cp1252, java.library.path=C:\opt\isv\devtools\jdk1.8.0_45\bin;C:\WINDOWS\Sun\Java\bin;C:\WINDOWS\system32;C:\WINDOWS;C:\ProgramData\Oracle\Java\javapath;C:\Program Files\RSA SecurID Token Common;C:\WINDOWS\system32;C:\WINDOWS;C:\WINDOWS\System32\Wbem;C:\WINDOWS\System32\WindowsPowerShell\v1.0\;C:\Program Files\TortoiseSVN\bin;C:\opt\isv\devtools\jdk1.8.0_45\bin;C:\fptools\apache-ant-1.9.3\bin;C:\fptools\gradle-1.9\bin;C:\Program Files\Android\android-studio\sdk\tools;C:\Program Files\Android\android-studio\sdk\platform-tools;C:\fptools;C:\WINDOWS\System32\WindowsPowerShell\v1.0\;C:\Program Files\CloudFoundry;C:\WINDOWS\System32\WindowsPowerShell\v1.0\;C:\Users\vxp8559\AppData\Local\Programs\Git\cmd;C:\Program Files\nodejs\;C:\Program Files\Windows Kits\8.1\Windows Performance Toolkit\;C:\WINDOWS\system32;C:\WINDOWS;C:\WINDOWS\System32\Wbem;C:\WINDOWS\System32\WindowsPowerShell\v1.0\;C:\Program Files\nodejs\;C:\Program Files\TortoiseSVN\bin;C:\fptools\apache-ant-1.9.3\bin;C:\fptools\gradle-1.9\bin;C:\Program Files\Android\android-studio\sdk\tools;C:\Program Files\Android\android-studio\sdk\platform-tools;C:\fptools;C:\Program Files\Microsoft VS Code\bin;C:\Users\vxp8559\AppData\Roaming\npm;C:\opt\isv\devtools\jdk1.8.0_45\bin;., java.specification.name=Java Platform API Specification, java.class.version=52.0, sun.management.compiler=HotSpot Client Compiler, os.version=6.1, user.home=C:\Users\vxp8559, user.timezone=America/New_York, java.awt.printerjob=sun.awt.windows.WPrinterJob, file.encoding=windows-1252, java.specification.version=1.8, java.class.path=C:\Users\vxp8559\Documents\PCF Demo\demo\demo\build\classes\test;C:\Users\vxp8559\Documents\PCF Demo\demo\demo\build\resources\test;C:\Users\vxp8559\Documents\PCF Demo\demo\demo\build\classes\main;C:\Users\vxp8559\Documents\PCF Demo\demo\demo\build\resources\main;C:\Users\vxp8559\.gradle\caches\modules-2\files-2.1\org.springframework.boot\spring-boot-starter-actuator\1.5.7.RELEASE\c8058080955524edbbacda602f25d1c5fdf2a3a9\spring-boot-starter-actuator-1.5.7.RELEASE.jar;C:\Users\vxp8559\.gradle\caches\modules-2\files-2.1\org.springframework.boot\spring-boot-starter-jersey\1.5.7.RELEASE\dc608d6e96755fdad671da5f9a11f86b345fe30d\spring-boot-starter-jersey-1.5.7.RELEASE.jar;C:\Users\vxp8559\.gradle\caches\modules-2\files-2.1\org.springframework.boot\spring-boot-starter-web\1.5.7.RELEASE\a862305be8b7512a41f6768d825ed37251ccbbe0\spring-boot-starter-web-1.5.7.RELEASE.jar;C:\Users\vxp8559\.gradle\caches\modules-2\files-2.1\org.springframework.boot\spring-boot-starter-test\1.5.7.RELEASE\d23f37a72c2d4e46aba66bc69a649213f9cadeee\spring-boot-starter-test-1.5.7.RELEASE.jar;C:\Users\vxp8559\.gradle\caches\modules-2\files-2.1\org.springframework.boot\spring-boot-starter\1.5.7.RELEASE\b42fe6962dd8b3be4ac8c1d7134d0ca2d0a35c7e\spring-boot-starter-1.5.7.RELEASE.jar;C:\Users\vxp8559\.gradle\caches\modules-2\files-2.1\org.springframework.boot\spring-boot-actuator\1.5.7.RELEASE\ff3124e2359be5e6c0d9cc501bf214413a329fee\spring-boot-actuator-1.5.7.RELEASE.jar;C:\Users\vxp8559\.gradle\caches\modules-2\files-2.1\org.springframework.boot\spring-boot-starter-tomcat\1.5.7.RELEASE\eae533e2a0111a51d812912acb3d3e2368736d1b\spring-boot-starter-tomcat-1.5.7.RELEASE.jar;C:\Users\vxp8559\.gradle\caches\modules-2\files-2.1\org.springframework.boot\spring-boot-starter-validation\1.5.7.RELEASE\a2e87bf66a1db8037e1feeba7e7063996fa72090\spring-boot-starter-validation-1.5.7.RELEASE.jar;C:\Users\vxp8559\.gradle\caches\modules-2\files-2.1\com.fasterxml.jackson.core\jackson-databind\2.8.10\f7b83cb2bc4b88d53961e749e1ad32f49ef017b7\jackson-databind-2.8.10.jar;C:\Users\vxp8559\.gradle\caches\modules-2\files-2.1\org.springframework\spring-web\4.3.11.RELEASE\50a3dfce550bdf9459dfb2c6282aa104b040258e\spring-web-4.3.11.RELEASE.jar;C:\Users\vxp8559\.gradle\caches\modules-2\files-2.1\org.glassfish.jersey.core\jersey-server\2.25.1\276e2ee0fd1cdabf99357fce560c5baab675b1a2\jersey-server-2.25.1.jar;C:\Users\vxp8559\.gradle\caches\modules-2\files-2.1\org.glassfish.jersey.containers\jersey-container-servlet-core\2.25.1\400e30bb035a0cdf3c554530224141ce659a0d1e\jersey-container-servlet-core-2.25.1.jar;C:\Users\vxp8559\.gradle\caches\modules-2\files-2.1\org.glassfish.jersey.containers\jersey-container-servlet\2.25.1\cf5f7a76fcea38158b890ab7a0142d4db709a882\jersey-container-servlet-2.25.1.jar;C:\Users\vxp8559\.gradle\caches\modules-2\files-2.1\org.glassfish.jersey.ext\jersey-bean-validation\2.25.1\1971927d79cad0ad2b5a3bfda24967748a2023d\jersey-bean-validation-2.25.1.jar;C:\Users\vxp8559\.gradle\caches\modules-2\files-2.1\org.glassfish.jersey.ext\jersey-spring3\2.25.1\a31bfcd2fcae5beb979d3f41079b6f4020d6fbc9\jersey-spring3-2.25.1.jar;C:\Users\vxp8559\.gradle\caches\modules-2\files-2.1\org.glassfish.jersey.media\jersey-media-json-jackson\2.25.1\19d1e4276eb7b6386640c344d9e5c01eba7eae5d\jersey-media-json-jackson-2.25.1.jar;C:\Users\vxp8559\.gradle\caches\modules-2\files-2.1\org.hibernate\hibernate-validator\5.3.5.Final\622a9bcef2eed6d41b5b8e0662c36212009e375\hibernate-validator-5.3.5.Final.jar;C:\Users\vxp8559\.gradle\caches\modules-2\files-2.1\org.springframework\spring-webmvc\4.3.11.RELEASE\814f91ec4dc324e724bbe7cbc5045b234604c539\spring-webmvc-4.3.11.RELEASE.jar;C:\Users\vxp8559\.gradle\caches\modules-2\files-2.1\org.springframework.boot\spring-boot-test\1.5.7.RELEASE\b8d77445d48f4320f404d8f13f4e5cb95bc36b30\spring-boot-test-1.5.7.RELEASE.jar;C:\Users\vxp8559\.gradle\caches\modules-2\files-2.1\org.springframework.boot\spring-boot-test-autoconfigure\1.5.7.RELEASE\8bead16b97c9f1b5fe7c47f3e030dd9351a6974d\spring-boot-test-autoconfigure-1.5.7.RELEASE.jar;C:\Users\vxp8559\.gradle\caches\modules-2\files-2.1\com.jayway.jsonpath\json-path\2.2.0\22290d17944bd239fabf5ac69005a60a7ecbbbcb\json-path-2.2.0.jar;C:\Users\vxp8559\.gradle\caches\modules-2\files-2.1\junit\junit\4.12\2973d150c0dc1fefe998f834810d68f278ea58ec\junit-4.12.jar;C:\Users\vxp8559\.gradle\caches\modules-2\files-2.1\org.assertj\assertj-core\2.6.0\b532c3fc4f66bcfee4989a3514f1cd56203a33ad\assertj-core-2.6.0.jar;C:\Users\vxp8559\.gradle\caches\modules-2\files-2.1\org.mockito\mockito-core\1.10.19\e8546f5bef4e061d8dd73895b4e8f40e3fe6effe\mockito-core-1.10.19.jar;C:\Users\vxp8559\.gradle\caches\modules-2\files-2.1\org.hamcrest\hamcrest-core\1.3\42a25dc3219429f0e5d060061f71acb49bf010a0\hamcrest-core-1.3.jar;C:\Users\vxp8559\.gradle\caches\modules-2\files-2.1\org.hamcrest\hamcrest-library\1.3\4785a3c21320980282f9f33d0d1264a69040538f\hamcrest-library-1.3.jar;C:\Users\vxp8559\.gradle\caches\modules-2\files-2.1\org.skyscreamer\jsonassert\1.4.0\9cdbb373a06f6513e51e8c545ee6a5e981463edb\jsonassert-1.4.0.jar;C:\Users\vxp8559\.gradle\caches\modules-2\files-2.1\org.springframework\spring-core\4.3.11.RELEASE\eb30ed093f628279d3aead068fd478fa343f1dad\spring-core-4.3.11.RELEASE.jar;C:\Users\vxp8559\.gradle\caches\modules-2\files-2.1\org.springframework\spring-test\4.3.11.RELEASE\cf765b5d6d6bdc38c67522ecae3fe9549da43e1\spring-test-4.3.11.RELEASE.jar;C:\Users\vxp8559\.gradle\caches\modules-2\files-2.1\org.springframework.boot\spring-boot\1.5.7.RELEASE\1006870df7b3dc203df7ce84463c5dd7049fdaa4\spring-boot-1.5.7.RELEASE.jar;C:\Users\vxp8559\.gradle\caches\modules-2\files-2.1\org.springframework.boot\spring-boot-autoconfigure\1.5.7.RELEASE\e83f1407ff991e9e7eb156f49fa19d868bb73289\spring-boot-autoconfigure-1.5.7.RELEASE.jar;C:\Users\vxp8559\.gradle\caches\modules-2\files-2.1\org.springframework.boot\spring-boot-starter-logging\1.5.7.RELEASE\c84c4ea09d7f789a0d5e936a961471e5dbd9295e\spring-boot-starter-logging-1.5.7.RELEASE.jar;C:\Users\vxp8559\.gradle\caches\modules-2\files-2.1\org.yaml\snakeyaml\1.17\7a27ea250c5130b2922b86dea63cbb1cc10a660c\snakeyaml-1.17.jar;C:\Users\vxp8559\.gradle\caches\modules-2\files-2.1\org.springframework\spring-context\4.3.11.RELEASE\3efec2d7c7469d49108a2b21c3f15831f7297569\spring-context-4.3.11.RELEASE.jar;C:\Users\vxp8559\.gradle\caches\modules-2\files-2.1\org.apache.tomcat.embed\tomcat-embed-core\8.5.20\b9026ee20f1f6a2b0fc3e51dd806d800901448b0\tomcat-embed-core-8.5.20.jar;C:\Users\vxp8559\.gradle\caches\modules-2\files-2.1\org.apache.tomcat.embed\tomcat-embed-el\8.5.20\42960f481a8a80f4ffd3b865c2232820e3565bf1\tomcat-embed-el-8.5.20.jar;C:\Users\vxp8559\.gradle\caches\modules-2\files-2.1\org.apache.tomcat.embed\tomcat-embed-websocket\8.5.20\4df9055507926a2651f691cc9964c50493a0ab29\tomcat-embed-websocket-8.5.20.jar;C:\Users\vxp8559\.gradle\caches\modules-2\files-2.1\com.fasterxml.jackson.core\jackson-annotations\2.8.0\45b426f7796b741035581a176744d91090e2e6fb\jackson-annotations-2.8.0.jar;C:\Users\vxp8559\.gradle\caches\modules-2\files-2.1\com.fasterxml.jackson.core\jackson-core\2.8.10\eb21a035c66ad307e66ec8fce37f5d50fd62d039\jackson-core-2.8.10.jar;C:\Users\vxp8559\.gradle\caches\modules-2\files-2.1\org.springframework\spring-aop\4.3.11.RELEASE\461d0bb58f1de30203d9331adf4b51de9554de5a\spring-aop-4.3.11.RELEASE.jar;C:\Users\vxp8559\.gradle\caches\modules-2\files-2.1\org.springframework\spring-beans\4.3.11.RELEASE\591cc35fd39292adae13f01aa13e978d0bb11936\spring-beans-4.3.11.RELEASE.jar;C:\Users\vxp8559\.gradle\caches\modules-2\files-2.1\org.glassfish.jersey.core\jersey-common\2.25.1\2438ce68d4907046095ab54aa83a6092951b4bbb\jersey-common-2.25.1.jar;C:\Users\vxp8559\.gradle\caches\modules-2\files-2.1\org.glassfish.jersey.core\jersey-client\2.25.1\4d563b1f93352ee9fad597e9e1daf2c6159993c6\jersey-client-2.25.1.jar;C:\Users\vxp8559\.gradle\caches\modules-2\files-2.1\javax.ws.rs\javax.ws.rs-api\2.0.1\104e9c2b5583cfcfeac0402316221648d6d8ea6b\javax.ws.rs-api-2.0.1.jar;C:\Users\vxp8559\.gradle\caches\modules-2\files-2.1\org.glassfish.jersey.media\jersey-media-jaxb\2.25.1\d7da0beeed5614a3bfd882662faec602699e24b\jersey-media-jaxb-2.25.1.jar;C:\Users\vxp8559\.gradle\caches\modules-2\files-2.1\javax.annotation\javax.annotation-api\1.2\479c1e06db31c432330183f5cae684163f186146\javax.annotation-api-1.2.jar;C:\Users\vxp8559\.gradle\caches\modules-2\files-2.1\org.glassfish.hk2\hk2-api\2.5.0-b32\6a576c9653832ce610b80a2f389374ef19d96171\hk2-api-2.5.0-b32.jar;C:\Users\vxp8559\.gradle\caches\modules-2\files-2.1\org.glassfish.hk2.external\javax.inject\2.5.0-b32\b2fa50c8186a38728c35fe6a9da57ce4cc806923\javax.inject-2.5.0-b32.jar;C:\Users\vxp8559\.gradle\caches\modules-2\files-2.1\org.glassfish.hk2\hk2-locator\2.5.0-b32\195474f8ad0a8d130e9ea949a771bcf1215fc33b\hk2-locator-2.5.0-b32.jar;C:\Users\vxp8559\.gradle\caches\modules-2\files-2.1\javax.validation\validation-api\1.1.0.Final\8613ae82954779d518631e05daa73a6a954817d5\validation-api-1.1.0.Final.jar;C:\Users\vxp8559\.gradle\caches\modules-2\files-2.1\org.glassfish.hk2\hk2\2.5.0-b32\c3accae585955e49c771d464899e906ecc9ffb4\hk2-2.5.0-b32.jar;C:\Users\vxp8559\.gradle\caches\modules-2\files-2.1\org.glassfish.hk2\spring-bridge\2.5.0-b32\f38ecef23edc769942a95c062efd63541044de42\spring-bridge-2.5.0-b32.jar;C:\Users\vxp8559\.gradle\caches\modules-2\files-2.1\org.glassfish.jersey.ext\jersey-entity-filtering\2.25.1\4a5805060f796ec2c9bb1ba0ce91c1db6d889524\jersey-entity-filtering-2.25.1.jar;C:\Users\vxp8559\.gradle\caches\modules-2\files-2.1\com.fasterxml.jackson.jaxrs\jackson-jaxrs-base\2.8.10\50a3d02a31cb427272a96fe696b5ac9442c7cfa1\jackson-jaxrs-base-2.8.10.jar;C:\Users\vxp8559\.gradle\caches\modules-2\files-2.1\com.fasterxml.jackson.jaxrs\jackson-jaxrs-json-provider\2.8.10\f8837cf03871569eb02a491dea64929e5da14b4\jackson-jaxrs-json-provider-2.8.10.jar;C:\Users\vxp8559\.gradle\caches\modules-2\files-2.1\org.jboss.logging\jboss-logging\3.3.1.Final\c46217ab74b532568c0ed31dc599db3048bd1b67\jboss-logging-3.3.1.Final.jar;C:\Users\vxp8559\.gradle\caches\modules-2\files-2.1\com.fasterxml\classmate\1.3.4\3d5f48f10bbe4eb7bd862f10c0583be2e0053c6\classmate-1.3.4.jar;C:\Users\vxp8559\.gradle\caches\modules-2\files-2.1\org.springframework\spring-expression\4.3.11.RELEASE\fca662a2fccdad90ec22b2aaecb021047dcbe249\spring-expression-4.3.11.RELEASE.jar;C:\Users\vxp8559\.gradle\caches\modules-2\files-2.1\net.minidev\json-smart\2.2.1\5b9e5df7a62d1279b70dc882b041d249c4f0b002\json-smart-2.2.1.jar;C:\Users\vxp8559\.gradle\caches\modules-2\files-2.1\org.slf4j\slf4j-api\1.7.25\da76ca59f6a57ee3102f8f9bd9cee742973efa8a\slf4j-api-1.7.25.jar;C:\Users\vxp8559\.gradle\caches\modules-2\files-2.1\org.objenesis\objenesis\2.1\87c0ea803b69252868d09308b4618f766f135a96\objenesis-2.1.jar;C:\Users\vxp8559\.gradle\caches\modules-2\files-2.1\com.vaadin.external.google\android-json\0.0.20131108.vaadin1\fa26d351fe62a6a17f5cda1287c1c6110dec413f\android-json-0.0.20131108.vaadin1.jar;C:\Users\vxp8559\.gradle\caches\modules-2\files-2.1\ch.qos.logback\logback-classic\1.1.11\ccedfbacef4a6515d2983e3f89ed753d5d4fb665\logback-classic-1.1.11.jar;C:\Users\vxp8559\.gradle\caches\modules-2\files-2.1\org.slf4j\jcl-over-slf4j\1.7.25\f8c32b13ff142a513eeb5b6330b1588dcb2c0461\jcl-over-slf4j-1.7.25.jar;C:\Users\vxp8559\.gradle\caches\modules-2\files-2.1\org.slf4j\jul-to-slf4j\1.7.25\af5364cd6679bfffb114f0dec8a157aaa283b76\jul-to-slf4j-1.7.25.jar;C:\Users\vxp8559\.gradle\caches\modules-2\files-2.1\org.slf4j\log4j-over-slf4j\1.7.25\a87bb47468f47ee7aabbd54f93e133d4215769c3\log4j-over-slf4j-1.7.25.jar;C:\Users\vxp8559\.gradle\caches\modules-2\files-2.1\org.glassfish.jersey.bundles.repackaged\jersey-guava\2.25.1\a2bb4f8208e134cf2cf71dfb8824e42942f7bd06\jersey-guava-2.25.1.jar;C:\Users\vxp8559\.gradle\caches\modules-2\files-2.1\org.glassfish.hk2\osgi-resource-locator\1.0.1\4ed2b2d4738aed5786cfa64cba5a332779c4c708\osgi-resource-locator-1.0.1.jar;C:\Users\vxp8559\.gradle\caches\modules-2\files-2.1\org.glassfish.hk2\hk2-utils\2.5.0-b32\5108a926988c4ceda7f1e681dddfe3101454a002\hk2-utils-2.5.0-b32.jar;C:\Users\vxp8559\.gradle\caches\modules-2\files-2.1\org.glassfish.hk2.external\aopalliance-repackaged\2.5.0-b32\6af37c3f8ec6f9e9653ec837eb508da28ce443cd\aopalliance-repackaged-2.5.0-b32.jar;C:\Users\vxp8559\.gradle\caches\modules-2\files-2.1\org.javassist\javassist\3.21.0-GA\598244f595db5c5fb713731eddbb1c91a58d959b\javassist-3.21.0-GA.jar;C:\Users\vxp8559\.gradle\caches\modules-2\files-2.1\org.glassfish.hk2\config-types\2.5.0-b32\686bbe7f80b1b879d64c06bc6606c97721a795f2\config-types-2.5.0-b32.jar;C:\Users\vxp8559\.gradle\caches\modules-2\files-2.1\org.glassfish.hk2\hk2-core\2.5.0-b32\8cb6a8a9522ec523b7740d29f555bdbe9d936af2\hk2-core-2.5.0-b32.jar;C:\Users\vxp8559\.gradle\caches\modules-2\files-2.1\org.glassfish.hk2\hk2-config\2.5.0-b32\dce05ac4225dbc0c1c382ad02e3b5bee51f0168a\hk2-config-2.5.0-b32.jar;C:\Users\vxp8559\.gradle\caches\modules-2\files-2.1\org.glassfish.hk2\hk2-runlevel\2.5.0-b32\60dc979763ea885e796cba4d3e322af8d500ba74\hk2-runlevel-2.5.0-b32.jar;C:\Users\vxp8559\.gradle\caches\modules-2\files-2.1\org.glassfish.hk2\class-model\2.5.0-b32\17f054f3e91898c0c0fc52163ad904b13c24e8b\class-model-2.5.0-b32.jar;C:\Users\vxp8559\.gradle\caches\modules-2\files-2.1\com.fasterxml.jackson.module\jackson-module-jaxb-annotations\2.8.10\22df8efd0cff7661bf136148c73e2651748f7600\jackson-module-jaxb-annotations-2.8.10.jar;C:\Users\vxp8559\.gradle\caches\modules-2\files-2.1\net.minidev\accessors-smart\1.1\a527213f2fea112a04c9bdf0ec0264e34104cd08\accessors-smart-1.1.jar;C:\Users\vxp8559\.gradle\caches\modules-2\files-2.1\ch.qos.logback\logback-core\1.1.11\88b8df40340eed549fb07e2613879bf6b006704d\logback-core-1.1.11.jar;C:\Users\vxp8559\.gradle\caches\modules-2\files-2.1\org.glassfish.hk2.external\asm-all-repackaged\2.5.0-b32\dc705f1d54cd5a96cbc5a473525e75ef1cb59a9e\asm-all-repackaged-2.5.0-b32.jar;C:\Users\vxp8559\.gradle\caches\modules-2\files-2.1\org.ow2.asm\asm\5.0.3\dcc2193db20e19e1feca8b1240dbbc4e190824fa\asm-5.0.3.jar, user.name=VXP8559, java.vm.specification.version=1.8, sun.java.command=worker.org.gradle.process.internal.worker.GradleWorkerMain 'Gradle Test Executor 1', java.home=C:\opt\isv\devtools\jdk1.8.0_45\jre, sun.arch.data.model=32, user.language=en, java.specification.vendor=Oracle Corporation, awt.toolkit=sun.awt.windows.WToolkit, java.vm.info=mixed mode, java.version=1.8.0_45, java.ext.dirs=C:\opt\isv\devtools\jdk1.8.0_45\jre\lib\ext;C:\WINDOWS\Sun\Java\lib\ext, sun.boot.class.path=C:\opt\isv\devtools\jdk1.8.0_45\jre\lib\resources.jar;C:\opt\isv\devtools\jdk1.8.0_45\jre\lib\rt.jar;C:\opt\isv\devtools\jdk1.8.0_45\jre\lib\sunrsasign.jar;C:\opt\isv\devtools\jdk1.8.0_45\jre\lib\jsse.jar;C:\opt\isv\devtools\jdk1.8.0_45\jre\lib\jce.jar;C:\opt\isv\devtools\jdk1.8.0_45\jre\lib\charsets.jar;C:\opt\isv\devtools\jdk1.8.0_45\jre\lib\jfr.jar;C:\opt\isv\devtools\jdk1.8.0_45\jre\classes, java.vendor=Oracle Corporation, org.gradle.test.worker=1, file.separator=\, java.vendor.url.bug=http://bugreport.sun.com/bugreport/, sun.io.unicode.encoding=UnicodeLittle, sun.cpu.endian=little, sun.desktop=windows, sun.cpu.isalist=pentium_pro+mmx pentium_pro pentium+mmx pentium i486 i386 i86}}, SystemEnvironmentPropertySource@10495926 {name='systemEnvironment', properties={USERDOMAIN_ROAMINGPROFILE=AMER, PROCESSOR_LEVEL=6, FP_NO_HOST_CHECK=NO, VS140COMNTOOLS=C:\Program Files\Microsoft Visual Studio 14.0\Common7\Tools\, FCMCLIENTTOOLSDIR=C:\Program Files\The Home Depot\FCMClientTools\, SESSIONNAME=Console, ALLUSERSPROFILE=C:\ProgramData, PROCESSOR_ARCHITECTURE=x86, ANDROID_HOME=C:\Program Files\Android\android-studio\sdk, PSModulePath=C:\WINDOWS\system32\WindowsPowerShell\v1.0\Modules\;C:\Program Files\The Home Depot\FCMClientTools\Modules\;C:\Program Files\Microsoft Monitoring Agent\Agent\PowerShell\;C:\Program Files\Microsoft Monitoring Agent\Agent\AzureAutomation\7.2.12024.0, SystemDrive=C:, DEFLOGDIR=C:\ProgramData\McAfee\DesktopProtection, USERNAME=VXP8559, OneDriveSync=C:\Users\vxp8559\OneDrive - The Home Depot, USERDNSDOMAIN=AMER.HOMEDEPOT.COM, PATHEXT=.COM;.EXE;.BAT;.CMD;.VBS;.VBE;.JS;.JSE;.WSF;.WSH;.MSC, MpConfig_ReportingGUID=0136DE80-6E7F-420A-B84A-64EC1F19D4B7, ProgramData=C:\ProgramData, MpConfig_ProductAppDataPath=C:\ProgramData\Microsoft\Windows Defender, HOMEPATH=\Users\vxp8559, PROCESSOR_IDENTIFIER=x86 Family 6 Model 58 Stepping 9, GenuineIntel, GYP_MSVS_VERSION=2015, ProgramFiles=C:\Program Files, PUBLIC=C:\Users\Public, windir=C:\WINDOWS, =::=::\, LOCALAPPDATA=C:\Users\vxp8559\AppData\Local, DisplayLinkConfigRoot=C:\Program Files\DisplayLink Core Software\\8.0.422.0\, USERDOMAIN=AMER, LOGONSERVER=\\WSPRAMER07, JAVA_HOME=C:\opt\isv\devtools\jdk1.8.0_45, GRADLE_HOME=C:\fptools\gradle-1.9, ANT_HOME=C:\fptools\apache-ant-1.9.3, asl.log=Destination=file, OneDrive=C:\Users\vxp8559\OneDrive - The Home Depot, APPDATA=C:\Users\vxp8559\AppData\Roaming, VSEDEFLOGDIR=C:\ProgramData\McAfee\DesktopProtection, windows_tracing_logfile=C:\BVTBin\Tests\installpackage\csilogfile.log, CommonProgramFiles=C:\Program Files\Common Files, MpConfig_ProductCodeName=AntiSpyware, Path=C:\ProgramData\Oracle\Java\javapath;C:\Program Files\RSA SecurID Token Common;C:\WINDOWS\system32;C:\WINDOWS;C:\WINDOWS\System32\Wbem;C:\WINDOWS\System32\WindowsPowerShell\v1.0\;C:\Program Files\TortoiseSVN\bin;C:\opt\isv\devtools\jdk1.8.0_45\bin;C:\fptools\apache-ant-1.9.3\bin;C:\fptools\gradle-1.9\bin;C:\Program Files\Android\android-studio\sdk\tools;C:\Program Files\Android\android-studio\sdk\platform-tools;C:\fptools;C:\WINDOWS\System32\WindowsPowerShell\v1.0\;C:\Program Files\CloudFoundry;C:\WINDOWS\System32\WindowsPowerShell\v1.0\;C:\Users\vxp8559\AppData\Local\Programs\Git\cmd;C:\Program Files\nodejs\;C:\Program Files\Windows Kits\8.1\Windows Performance Toolkit\;C:\WINDOWS\system32;C:\WINDOWS;C:\WINDOWS\System32\Wbem;C:\WINDOWS\System32\WindowsPowerShell\v1.0\;C:\Program Files\nodejs\;C:\Program Files\TortoiseSVN\bin;C:\fptools\apache-ant-1.9.3\bin;C:\fptools\gradle-1.9\bin;C:\Program Files\Android\android-studio\sdk\tools;C:\Program Files\Android\android-studio\sdk\platform-tools;C:\fptools;C:\Program Files\Microsoft VS Code\bin;C:\Users\vxp8559\AppData\Roaming\npm;C:\opt\isv\devtools\jdk1.8.0_45\bin, OS=Windows_NT, windows_tracing_flags=3, COMPUTERNAME=C9090970E5D7970, PROCESSOR_REVISION=3a09, MpConfig_ProductUserAppDataPath=C:\Users\vxp8559\AppData\Local\Microsoft\Windows Defender, ComSpec=C:\WINDOWS\system32\cmd.exe, UATDATA=C:\WINDOWS\CCM\UATData\D9F8C395-CAB8-491d-B8AC-179A1FE1BE77, SystemRoot=C:\WINDOWS, TEMP=C:\Users\vxp8559\AppData\Local\Temp\1, HOMEDRIVE=C:, USERPROFILE=C:\Users\vxp8559, TMP=C:\Users\vxp8559\AppData\Local\Temp\1, MpConfig_ProductPath=C:\Program Files\Windows Defender, NUMBER_OF_PROCESSORS=4}}]
20:41:03.997 [Test worker] DEBUG org.springframework.core.io.support.PathMatchingResourcePatternResolver - Resolved classpath location [com/example/demo/] to resources [URL [file:/C:/Users/vxp8559/Documents/PCF%20Demo/demo/demo/build/classes/test/com/example/demo/], URL [file:/C:/Users/vxp8559/Documents/PCF%20Demo/demo/demo/build/classes/main/com/example/demo/]]
20:41:03.998 [Test worker] DEBUG org.springframework.core.io.support.PathMatchingResourcePatternResolver - Looking for matching resources in directory tree [C:\Users\vxp8559\Documents\PCF Demo\demo\demo\build\classes\test\com\example\demo]
20:41:03.999 [Test worker] DEBUG org.springframework.core.io.support.PathMatchingResourcePatternResolver - Searching directory [C:\Users\vxp8559\Documents\PCF Demo\demo\demo\build\classes\test\com\example\demo] for files matching pattern [C:/Users/vxp8559/Documents/PCF Demo/demo/demo/build/classes/test/com/example/demo/*.class]
20:41:04.003 [Test worker] DEBUG org.springframework.core.io.support.PathMatchingResourcePatternResolver - Looking for matching resources in directory tree [C:\Users\vxp8559\Documents\PCF Demo\demo\demo\build\classes\main\com\example\demo]
20:41:04.004 [Test worker] DEBUG org.springframework.core.io.support.PathMatchingResourcePatternResolver - Searching directory [C:\Users\vxp8559\Documents\PCF Demo\demo\demo\build\classes\main\com\example\demo] for files matching pattern [C:/Users/vxp8559/Documents/PCF Demo/demo/demo/build/classes/main/com/example/demo/*.class]
20:41:04.004 [Test worker] DEBUG org.springframework.core.io.support.PathMatchingResourcePatternResolver - Resolved location pattern [classpath*:com/example/demo/*.class] to resources [file [C:\Users\vxp8559\Documents\PCF Demo\demo\demo\build\classes\test\com\example\demo\DemoApplicationTests.class], file [C:\Users\vxp8559\Documents\PCF Demo\demo\demo\build\classes\main\com\example\demo\DemoApplication.class]]
20:41:04.071 [Test worker] DEBUG org.springframework.context.annotation.ClassPathScanningCandidateComponentProvider - Identified candidate component class: file [C:\Users\vxp8559\Documents\PCF Demo\demo\demo\build\classes\main\com\example\demo\DemoApplication.class]
20:41:04.073 [Test worker] INFO org.springframework.boot.test.context.SpringBootTestContextBootstrapper - Found @SpringBootConfiguration com.example.demo.DemoApplication for test class com.example.demo.DemoApplicationTests
20:41:04.083 [Test worker] DEBUG org.springframework.boot.test.context.SpringBootTestContextBootstrapper - @TestExecutionListeners is not present for class [com.example.demo.DemoApplicationTests]: using defaults.
20:41:04.088 [Test worker] INFO org.springframework.boot.test.context.SpringBootTestContextBootstrapper - Loaded default TestExecutionListener class names from location [META-INF/spring.factories]: [org.springframework.boot.test.mock.mockito.MockitoTestExecutionListener, org.springframework.boot.test.mock.mockito.ResetMocksTestExecutionListener, org.springframework.boot.test.autoconfigure.restdocs.RestDocsTestExecutionListener, org.springframework.boot.test.autoconfigure.web.client.MockRestServiceServerResetTestExecutionListener, org.springframework.boot.test.autoconfigure.web.servlet.MockMvcPrintOnlyOnFailureTestExecutionListener, org.springframework.boot.test.autoconfigure.web.servlet.WebDriverTestExecutionListener, org.springframework.test.context.web.ServletTestExecutionListener, org.springframework.test.context.support.DirtiesContextBeforeModesTestExecutionListener, org.springframework.test.context.support.DependencyInjectionTestExecutionListener, org.springframework.test.context.support.DirtiesContextTestExecutionListener, org.springframework.test.context.transaction.TransactionalTestExecutionListener, org.springframework.test.context.jdbc.SqlScriptsTestExecutionListener]
20:41:04.111 [Test worker] INFO org.springframework.boot.test.context.SpringBootTestContextBootstrapper - Could not instantiate TestExecutionListener [org.springframework.test.context.transaction.TransactionalTestExecutionListener]. Specify custom listener classes or make the default listener classes (and their required dependencies) available. Offending class: [org/springframework/transaction/interceptor/TransactionAttributeSource]
20:41:04.112 [Test worker] INFO org.springframework.boot.test.context.SpringBootTestContextBootstrapper - Could not instantiate TestExecutionListener [org.springframework.test.context.jdbc.SqlScriptsTestExecutionListener]. Specify custom listener classes or make the default listener classes (and their required dependencies) available. Offending class: [org/springframework/transaction/interceptor/TransactionAttribute]
20:41:04.112 [Test worker] INFO org.springframework.boot.test.context.SpringBootTestContextBootstrapper - Using TestExecutionListeners: [org.springframework.test.context.web.ServletTestExecutionListener@1a6e847, org.springframework.test.context.support.DirtiesContextBeforeModesTestExecutionListener@153faea, org.springframework.boot.test.autoconfigure.SpringBootDependencyInjectionTestExecutionListener@1f64d5b, org.springframework.test.context.support.DirtiesContextTestExecutionListener@1dfb702, org.springframework.boot.test.mock.mockito.MockitoTestExecutionListener@10183ee, org.springframework.boot.test.mock.mockito.ResetMocksTestExecutionListener@185aa8e, org.springframework.boot.test.autoconfigure.restdocs.RestDocsTestExecutionListener@9aa470, org.springframework.boot.test.autoconfigure.web.servlet.MockMvcPrintOnlyOnFailureTestExecutionListener@37386, org.springframework.boot.test.autoconfigure.web.client.MockRestServiceServerResetTestExecutionListener@128961b, org.springframework.boot.test.autoconfigure.web.servlet.WebDriverTestExecutionListener@1ed936a]
20:41:04.116 [Test worker] DEBUG org.springframework.test.annotation.ProfileValueUtils - Retrieved @ProfileValueSourceConfiguration [null] for test class [com.example.demo.DemoApplicationTests]
20:41:04.117 [Test worker] DEBUG org.springframework.test.annotation.ProfileValueUtils - Retrieved ProfileValueSource type [class org.springframework.test.annotation.SystemProfileValueSource] for class [com.example.demo.DemoApplicationTests]
20:41:04.118 [Test worker] DEBUG org.springframework.test.annotation.ProfileValueUtils - Retrieved @ProfileValueSourceConfiguration [null] for test class [com.example.demo.DemoApplicationTests]
20:41:04.118 [Test worker] DEBUG org.springframework.test.annotation.ProfileValueUtils - Retrieved ProfileValueSource type [class org.springframework.test.annotation.SystemProfileValueSource] for class [com.example.demo.DemoApplicationTests]
20:41:04.124 [Test worker] DEBUG org.springframework.test.context.support.AbstractDirtiesContextTestExecutionListener - Before test class: context [DefaultTestContext@1287a4c testClass = DemoApplicationTests, testInstance = [null], testMethod = [null], testException = [null], mergedContextConfiguration = [WebMergedContextConfiguration@348764 testClass = DemoApplicationTests, locations = '{}', classes = '{class com.example.demo.DemoApplication}', contextInitializerClasses = '[]', activeProfiles = '{}', propertySourceLocations = '{}', propertySourceProperties = '{org.springframework.boot.test.context.SpringBootTestContextBootstrapper=true}', contextCustomizers = set[org.springframework.boot.test.context.SpringBootTestContextCustomizer@5e0581, org.springframework.boot.test.context.filter.ExcludeFilterContextCustomizer@1a93d4b, org.springframework.boot.test.json.DuplicateJsonObjectContextCustomizerFactory$DuplicateJsonObjectContextCustomizer@986cf8, org.springframework.boot.test.mock.mockito.MockitoContextCustomizer@0, org.springframework.boot.test.autoconfigure.properties.PropertyMappingContextCustomizer@0, org.springframework.boot.test.autoconfigure.web.servlet.WebDriverContextCustomizerFactory$Customizer@1d3ab35], resourceBasePath = 'src/main/webapp', contextLoader = 'org.springframework.boot.test.context.SpringBootContextLoader', parent = [null]]], class annotated with @DirtiesContext [false] with mode [null].
20:41:04.125 [Test worker] DEBUG org.springframework.test.annotation.ProfileValueUtils - Retrieved @ProfileValueSourceConfiguration [null] for test class [com.example.demo.DemoApplicationTests]
20:41:04.126 [Test worker] DEBUG org.springframework.test.annotation.ProfileValueUtils - Retrieved ProfileValueSource type [class org.springframework.test.annotation.SystemProfileValueSource] for class [com.example.demo.DemoApplicationTests]
20:41:04.212 [Test worker] DEBUG org.springframework.core.env.StandardEnvironment - Adding PropertySource 'systemProperties' with lowest search precedence
20:41:04.212 [Test worker] DEBUG org.springframework.core.env.StandardEnvironment - Adding PropertySource 'systemEnvironment' with lowest search precedence
20:41:04.214 [Test worker] DEBUG org.springframework.core.env.StandardEnvironment - Initialized StandardEnvironment with PropertySources [MapPropertySource@11222378 {name='systemProperties', properties={java.runtime.name=Java(TM) SE Runtime Environment, sun.boot.library.path=C:\opt\isv\devtools\jdk1.8.0_45\jre\bin, java.vm.version=25.45-b02, java.vm.vendor=Oracle Corporation, java.vendor.url=http://java.oracle.com/, path.separator=;, java.vm.name=Java HotSpot(TM) Client VM, file.encoding.pkg=sun.io, user.script=, sun.java.launcher=SUN_STANDARD, user.country=US, sun.os.patch.level=Service Pack 1, java.vm.specification.name=Java Virtual Machine Specification, user.dir=C:\Users\vxp8559\Documents\PCF Demo\demo\demo, java.runtime.version=1.8.0_45-b15, java.awt.graphicsenv=sun.awt.Win32GraphicsEnvironment, java.endorsed.dirs=C:\opt\isv\devtools\jdk1.8.0_45\jre\lib\endorsed, os.arch=x86, java.io.tmpdir=C:\Users\vxp8559\AppData\Local\Temp\1\, line.separator=
, java.vm.specification.vendor=Oracle Corporation, user.variant=, os.name=Windows 7, sun.jnu.encoding=Cp1252, java.library.path=C:\opt\isv\devtools\jdk1.8.0_45\bin;C:\WINDOWS\Sun\Java\bin;C:\WINDOWS\system32;C:\WINDOWS;C:\ProgramData\Oracle\Java\javapath;C:\Program Files\RSA SecurID Token Common;C:\WINDOWS\system32;C:\WINDOWS;C:\WINDOWS\System32\Wbem;C:\WINDOWS\System32\WindowsPowerShell\v1.0\;C:\Program Files\TortoiseSVN\bin;C:\opt\isv\devtools\jdk1.8.0_45\bin;C:\fptools\apache-ant-1.9.3\bin;C:\fptools\gradle-1.9\bin;C:\Program Files\Android\android-studio\sdk\tools;C:\Program Files\Android\android-studio\sdk\platform-tools;C:\fptools;C:\WINDOWS\System32\WindowsPowerShell\v1.0\;C:\Program Files\CloudFoundry;C:\WINDOWS\System32\WindowsPowerShell\v1.0\;C:\Users\vxp8559\AppData\Local\Programs\Git\cmd;C:\Program Files\nodejs\;C:\Program Files\Windows Kits\8.1\Windows Performance Toolkit\;C:\WINDOWS\system32;C:\WINDOWS;C:\WINDOWS\System32\Wbem;C:\WINDOWS\System32\WindowsPowerShell\v1.0\;C:\Program Files\nodejs\;C:\Program Files\TortoiseSVN\bin;C:\fptools\apache-ant-1.9.3\bin;C:\fptools\gradle-1.9\bin;C:\Program Files\Android\android-studio\sdk\tools;C:\Program Files\Android\android-studio\sdk\platform-tools;C:\fptools;C:\Program Files\Microsoft VS Code\bin;C:\Users\vxp8559\AppData\Roaming\npm;C:\opt\isv\devtools\jdk1.8.0_45\bin;., java.specification.name=Java Platform API Specification, java.class.version=52.0, sun.management.compiler=HotSpot Client Compiler, os.version=6.1, user.home=C:\Users\vxp8559, user.timezone=America/New_York, java.awt.printerjob=sun.awt.windows.WPrinterJob, file.encoding=windows-1252, java.specification.version=1.8, java.class.path=C:\Users\vxp8559\Documents\PCF Demo\demo\demo\build\classes\test;C:\Users\vxp8559\Documents\PCF Demo\demo\demo\build\resources\test;C:\Users\vxp8559\Documents\PCF Demo\demo\demo\build\classes\main;C:\Users\vxp8559\Documents\PCF Demo\demo\demo\build\resources\main;C:\Users\vxp8559\.gradle\caches\modules-2\files-2.1\org.springframework.boot\spring-boot-starter-actuator\1.5.7.RELEASE\c8058080955524edbbacda602f25d1c5fdf2a3a9\spring-boot-starter-actuator-1.5.7.RELEASE.jar;C:\Users\vxp8559\.gradle\caches\modules-2\files-2.1\org.springframework.boot\spring-boot-starter-jersey\1.5.7.RELEASE\dc608d6e96755fdad671da5f9a11f86b345fe30d\spring-boot-starter-jersey-1.5.7.RELEASE.jar;C:\Users\vxp8559\.gradle\caches\modules-2\files-2.1\org.springframework.boot\spring-boot-starter-web\1.5.7.RELEASE\a862305be8b7512a41f6768d825ed37251ccbbe0\spring-boot-starter-web-1.5.7.RELEASE.jar;C:\Users\vxp8559\.gradle\caches\modules-2\files-2.1\org.springframework.boot\spring-boot-starter-test\1.5.7.RELEASE\d23f37a72c2d4e46aba66bc69a649213f9cadeee\spring-boot-starter-test-1.5.7.RELEASE.jar;C:\Users\vxp8559\.gradle\caches\modules-2\files-2.1\org.springframework.boot\spring-boot-starter\1.5.7.RELEASE\b42fe6962dd8b3be4ac8c1d7134d0ca2d0a35c7e\spring-boot-starter-1.5.7.RELEASE.jar;C:\Users\vxp8559\.gradle\caches\modules-2\files-2.1\org.springframework.boot\spring-boot-actuator\1.5.7.RELEASE\ff3124e2359be5e6c0d9cc501bf214413a329fee\spring-boot-actuator-1.5.7.RELEASE.jar;C:\Users\vxp8559\.gradle\caches\modules-2\files-2.1\org.springframework.boot\spring-boot-starter-tomcat\1.5.7.RELEASE\eae533e2a0111a51d812912acb3d3e2368736d1b\spring-boot-starter-tomcat-1.5.7.RELEASE.jar;C:\Users\vxp8559\.gradle\caches\modules-2\files-2.1\org.springframework.boot\spring-boot-starter-validation\1.5.7.RELEASE\a2e87bf66a1db8037e1feeba7e7063996fa72090\spring-boot-starter-validation-1.5.7.RELEASE.jar;C:\Users\vxp8559\.gradle\caches\modules-2\files-2.1\com.fasterxml.jackson.core\jackson-databind\2.8.10\f7b83cb2bc4b88d53961e749e1ad32f49ef017b7\jackson-databind-2.8.10.jar;C:\Users\vxp8559\.gradle\caches\modules-2\files-2.1\org.springframework\spring-web\4.3.11.RELEASE\50a3dfce550bdf9459dfb2c6282aa104b040258e\spring-web-4.3.11.RELEASE.jar;C:\Users\vxp8559\.gradle\caches\modules-2\files-2.1\org.glassfish.jersey.core\jersey-server\2.25.1\276e2ee0fd1cdabf99357fce560c5baab675b1a2\jersey-server-2.25.1.jar;C:\Users\vxp8559\.gradle\caches\modules-2\files-2.1\org.glassfish.jersey.containers\jersey-container-servlet-core\2.25.1\400e30bb035a0cdf3c554530224141ce659a0d1e\jersey-container-servlet-core-2.25.1.jar;C:\Users\vxp8559\.gradle\caches\modules-2\files-2.1\org.glassfish.jersey.containers\jersey-container-servlet\2.25.1\cf5f7a76fcea38158b890ab7a0142d4db709a882\jersey-container-servlet-2.25.1.jar;C:\Users\vxp8559\.gradle\caches\modules-2\files-2.1\org.glassfish.jersey.ext\jersey-bean-validation\2.25.1\1971927d79cad0ad2b5a3bfda24967748a2023d\jersey-bean-validation-2.25.1.jar;C:\Users\vxp8559\.gradle\caches\modules-2\files-2.1\org.glassfish.jersey.ext\jersey-spring3\2.25.1\a31bfcd2fcae5beb979d3f41079b6f4020d6fbc9\jersey-spring3-2.25.1.jar;C:\Users\vxp8559\.gradle\caches\modules-2\files-2.1\org.glassfish.jersey.media\jersey-media-json-jackson\2.25.1\19d1e4276eb7b6386640c344d9e5c01eba7eae5d\jersey-media-json-jackson-2.25.1.jar;C:\Users\vxp8559\.gradle\caches\modules-2\files-2.1\org.hibernate\hibernate-validator\5.3.5.Final\622a9bcef2eed6d41b5b8e0662c36212009e375\hibernate-validator-5.3.5.Final.jar;C:\Users\vxp8559\.gradle\caches\modules-2\files-2.1\org.springframework\spring-webmvc\4.3.11.RELEASE\814f91ec4dc324e724bbe7cbc5045b234604c539\spring-webmvc-4.3.11.RELEASE.jar;C:\Users\vxp8559\.gradle\caches\modules-2\files-2.1\org.springframework.boot\spring-boot-test\1.5.7.RELEASE\b8d77445d48f4320f404d8f13f4e5cb95bc36b30\spring-boot-test-1.5.7.RELEASE.jar;C:\Users\vxp8559\.gradle\caches\modules-2\files-2.1\org.springframework.boot\spring-boot-test-autoconfigure\1.5.7.RELEASE\8bead16b97c9f1b5fe7c47f3e030dd9351a6974d\spring-boot-test-autoconfigure-1.5.7.RELEASE.jar;C:\Users\vxp8559\.gradle\caches\modules-2\files-2.1\com.jayway.jsonpath\json-path\2.2.0\22290d17944bd239fabf5ac69005a60a7ecbbbcb\json-path-2.2.0.jar;C:\Users\vxp8559\.gradle\caches\modules-2\files-2.1\junit\junit\4.12\2973d150c0dc1fefe998f834810d68f278ea58ec\junit-4.12.jar;C:\Users\vxp8559\.gradle\caches\modules-2\files-2.1\org.assertj\assertj-core\2.6.0\b532c3fc4f66bcfee4989a3514f1cd56203a33ad\assertj-core-2.6.0.jar;C:\Users\vxp8559\.gradle\caches\modules-2\files-2.1\org.mockito\mockito-core\1.10.19\e8546f5bef4e061d8dd73895b4e8f40e3fe6effe\mockito-core-1.10.19.jar;C:\Users\vxp8559\.gradle\caches\modules-2\files-2.1\org.hamcrest\hamcrest-core\1.3\42a25dc3219429f0e5d060061f71acb49bf010a0\hamcrest-core-1.3.jar;C:\Users\vxp8559\.gradle\caches\modules-2\files-2.1\org.hamcrest\hamcrest-library\1.3\4785a3c21320980282f9f33d0d1264a69040538f\hamcrest-library-1.3.jar;C:\Users\vxp8559\.gradle\caches\modules-2\files-2.1\org.skyscreamer\jsonassert\1.4.0\9cdbb373a06f6513e51e8c545ee6a5e981463edb\jsonassert-1.4.0.jar;C:\Users\vxp8559\.gradle\caches\modules-2\files-2.1\org.springframework\spring-core\4.3.11.RELEASE\eb30ed093f628279d3aead068fd478fa343f1dad\spring-core-4.3.11.RELEASE.jar;C:\Users\vxp8559\.gradle\caches\modules-2\files-2.1\org.springframework\spring-test\4.3.11.RELEASE\cf765b5d6d6bdc38c67522ecae3fe9549da43e1\spring-test-4.3.11.RELEASE.jar;C:\Users\vxp8559\.gradle\caches\modules-2\files-2.1\org.springframework.boot\spring-boot\1.5.7.RELEASE\1006870df7b3dc203df7ce84463c5dd7049fdaa4\spring-boot-1.5.7.RELEASE.jar;C:\Users\vxp8559\.gradle\caches\modules-2\files-2.1\org.springframework.boot\spring-boot-autoconfigure\1.5.7.RELEASE\e83f1407ff991e9e7eb156f49fa19d868bb73289\spring-boot-autoconfigure-1.5.7.RELEASE.jar;C:\Users\vxp8559\.gradle\caches\modules-2\files-2.1\org.springframework.boot\spring-boot-starter-logging\1.5.7.RELEASE\c84c4ea09d7f789a0d5e936a961471e5dbd9295e\spring-boot-starter-logging-1.5.7.RELEASE.jar;C:\Users\vxp8559\.gradle\caches\modules-2\files-2.1\org.yaml\snakeyaml\1.17\7a27ea250c5130b2922b86dea63cbb1cc10a660c\snakeyaml-1.17.jar;C:\Users\vxp8559\.gradle\caches\modules-2\files-2.1\org.springframework\spring-context\4.3.11.RELEASE\3efec2d7c7469d49108a2b21c3f15831f7297569\spring-context-4.3.11.RELEASE.jar;C:\Users\vxp8559\.gradle\caches\modules-2\files-2.1\org.apache.tomcat.embed\tomcat-embed-core\8.5.20\b9026ee20f1f6a2b0fc3e51dd806d800901448b0\tomcat-embed-core-8.5.20.jar;C:\Users\vxp8559\.gradle\caches\modules-2\files-2.1\org.apache.tomcat.embed\tomcat-embed-el\8.5.20\42960f481a8a80f4ffd3b865c2232820e3565bf1\tomcat-embed-el-8.5.20.jar;C:\Users\vxp8559\.gradle\caches\modules-2\files-2.1\org.apache.tomcat.embed\tomcat-embed-websocket\8.5.20\4df9055507926a2651f691cc9964c50493a0ab29\tomcat-embed-websocket-8.5.20.jar;C:\Users\vxp8559\.gradle\caches\modules-2\files-2.1\com.fasterxml.jackson.core\jackson-annotations\2.8.0\45b426f7796b741035581a176744d91090e2e6fb\jackson-annotations-2.8.0.jar;C:\Users\vxp8559\.gradle\caches\modules-2\files-2.1\com.fasterxml.jackson.core\jackson-core\2.8.10\eb21a035c66ad307e66ec8fce37f5d50fd62d039\jackson-core-2.8.10.jar;C:\Users\vxp8559\.gradle\caches\modules-2\files-2.1\org.springframework\spring-aop\4.3.11.RELEASE\461d0bb58f1de30203d9331adf4b51de9554de5a\spring-aop-4.3.11.RELEASE.jar;C:\Users\vxp8559\.gradle\caches\modules-2\files-2.1\org.springframework\spring-beans\4.3.11.RELEASE\591cc35fd39292adae13f01aa13e978d0bb11936\spring-beans-4.3.11.RELEASE.jar;C:\Users\vxp8559\.gradle\caches\modules-2\files-2.1\org.glassfish.jersey.core\jersey-common\2.25.1\2438ce68d4907046095ab54aa83a6092951b4bbb\jersey-common-2.25.1.jar;C:\Users\vxp8559\.gradle\caches\modules-2\files-2.1\org.glassfish.jersey.core\jersey-client\2.25.1\4d563b1f93352ee9fad597e9e1daf2c6159993c6\jersey-client-2.25.1.jar;C:\Users\vxp8559\.gradle\caches\modules-2\files-2.1\javax.ws.rs\javax.ws.rs-api\2.0.1\104e9c2b5583cfcfeac0402316221648d6d8ea6b\javax.ws.rs-api-2.0.1.jar;C:\Users\vxp8559\.gradle\caches\modules-2\files-2.1\org.glassfish.jersey.media\jersey-media-jaxb\2.25.1\d7da0beeed5614a3bfd882662faec602699e24b\jersey-media-jaxb-2.25.1.jar;C:\Users\vxp8559\.gradle\caches\modules-2\files-2.1\javax.annotation\javax.annotation-api\1.2\479c1e06db31c432330183f5cae684163f186146\javax.annotation-api-1.2.jar;C:\Users\vxp8559\.gradle\caches\modules-2\files-2.1\org.glassfish.hk2\hk2-api\2.5.0-b32\6a576c9653832ce610b80a2f389374ef19d96171\hk2-api-2.5.0-b32.jar;C:\Users\vxp8559\.gradle\caches\modules-2\files-2.1\org.glassfish.hk2.external\javax.inject\2.5.0-b32\b2fa50c8186a38728c35fe6a9da57ce4cc806923\javax.inject-2.5.0-b32.jar;C:\Users\vxp8559\.gradle\caches\modules-2\files-2.1\org.glassfish.hk2\hk2-locator\2.5.0-b32\195474f8ad0a8d130e9ea949a771bcf1215fc33b\hk2-locator-2.5.0-b32.jar;C:\Users\vxp8559\.gradle\caches\modules-2\files-2.1\javax.validation\validation-api\1.1.0.Final\8613ae82954779d518631e05daa73a6a954817d5\validation-api-1.1.0.Final.jar;C:\Users\vxp8559\.gradle\caches\modules-2\files-2.1\org.glassfish.hk2\hk2\2.5.0-b32\c3accae585955e49c771d464899e906ecc9ffb4\hk2-2.5.0-b32.jar;C:\Users\vxp8559\.gradle\caches\modules-2\files-2.1\org.glassfish.hk2\spring-bridge\2.5.0-b32\f38ecef23edc769942a95c062efd63541044de42\spring-bridge-2.5.0-b32.jar;C:\Users\vxp8559\.gradle\caches\modules-2\files-2.1\org.glassfish.jersey.ext\jersey-entity-filtering\2.25.1\4a5805060f796ec2c9bb1ba0ce91c1db6d889524\jersey-entity-filtering-2.25.1.jar;C:\Users\vxp8559\.gradle\caches\modules-2\files-2.1\com.fasterxml.jackson.jaxrs\jackson-jaxrs-base\2.8.10\50a3d02a31cb427272a96fe696b5ac9442c7cfa1\jackson-jaxrs-base-2.8.10.jar;C:\Users\vxp8559\.gradle\caches\modules-2\files-2.1\com.fasterxml.jackson.jaxrs\jackson-jaxrs-json-provider\2.8.10\f8837cf03871569eb02a491dea64929e5da14b4\jackson-jaxrs-json-provider-2.8.10.jar;C:\Users\vxp8559\.gradle\caches\modules-2\files-2.1\org.jboss.logging\jboss-logging\3.3.1.Final\c46217ab74b532568c0ed31dc599db3048bd1b67\jboss-logging-3.3.1.Final.jar;C:\Users\vxp8559\.gradle\caches\modules-2\files-2.1\com.fasterxml\classmate\1.3.4\3d5f48f10bbe4eb7bd862f10c0583be2e0053c6\classmate-1.3.4.jar;C:\Users\vxp8559\.gradle\caches\modules-2\files-2.1\org.springframework\spring-expression\4.3.11.RELEASE\fca662a2fccdad90ec22b2aaecb021047dcbe249\spring-expression-4.3.11.RELEASE.jar;C:\Users\vxp8559\.gradle\caches\modules-2\files-2.1\net.minidev\json-smart\2.2.1\5b9e5df7a62d1279b70dc882b041d249c4f0b002\json-smart-2.2.1.jar;C:\Users\vxp8559\.gradle\caches\modules-2\files-2.1\org.slf4j\slf4j-api\1.7.25\da76ca59f6a57ee3102f8f9bd9cee742973efa8a\slf4j-api-1.7.25.jar;C:\Users\vxp8559\.gradle\caches\modules-2\files-2.1\org.objenesis\objenesis\2.1\87c0ea803b69252868d09308b4618f766f135a96\objenesis-2.1.jar;C:\Users\vxp8559\.gradle\caches\modules-2\files-2.1\com.vaadin.external.google\android-json\0.0.20131108.vaadin1\fa26d351fe62a6a17f5cda1287c1c6110dec413f\android-json-0.0.20131108.vaadin1.jar;C:\Users\vxp8559\.gradle\caches\modules-2\files-2.1\ch.qos.logback\logback-classic\1.1.11\ccedfbacef4a6515d2983e3f89ed753d5d4fb665\logback-classic-1.1.11.jar;C:\Users\vxp8559\.gradle\caches\modules-2\files-2.1\org.slf4j\jcl-over-slf4j\1.7.25\f8c32b13ff142a513eeb5b6330b1588dcb2c0461\jcl-over-slf4j-1.7.25.jar;C:\Users\vxp8559\.gradle\caches\modules-2\files-2.1\org.slf4j\jul-to-slf4j\1.7.25\af5364cd6679bfffb114f0dec8a157aaa283b76\jul-to-slf4j-1.7.25.jar;C:\Users\vxp8559\.gradle\caches\modules-2\files-2.1\org.slf4j\log4j-over-slf4j\1.7.25\a87bb47468f47ee7aabbd54f93e133d4215769c3\log4j-over-slf4j-1.7.25.jar;C:\Users\vxp8559\.gradle\caches\modules-2\files-2.1\org.glassfish.jersey.bundles.repackaged\jersey-guava\2.25.1\a2bb4f8208e134cf2cf71dfb8824e42942f7bd06\jersey-guava-2.25.1.jar;C:\Users\vxp8559\.gradle\caches\modules-2\files-2.1\org.glassfish.hk2\osgi-resource-locator\1.0.1\4ed2b2d4738aed5786cfa64cba5a332779c4c708\osgi-resource-locator-1.0.1.jar;C:\Users\vxp8559\.gradle\caches\modules-2\files-2.1\org.glassfish.hk2\hk2-utils\2.5.0-b32\5108a926988c4ceda7f1e681dddfe3101454a002\hk2-utils-2.5.0-b32.jar;C:\Users\vxp8559\.gradle\caches\modules-2\files-2.1\org.glassfish.hk2.external\aopalliance-repackaged\2.5.0-b32\6af37c3f8ec6f9e9653ec837eb508da28ce443cd\aopalliance-repackaged-2.5.0-b32.jar;C:\Users\vxp8559\.gradle\caches\modules-2\files-2.1\org.javassist\javassist\3.21.0-GA\598244f595db5c5fb713731eddbb1c91a58d959b\javassist-3.21.0-GA.jar;C:\Users\vxp8559\.gradle\caches\modules-2\files-2.1\org.glassfish.hk2\config-types\2.5.0-b32\686bbe7f80b1b879d64c06bc6606c97721a795f2\config-types-2.5.0-b32.jar;C:\Users\vxp8559\.gradle\caches\modules-2\files-2.1\org.glassfish.hk2\hk2-core\2.5.0-b32\8cb6a8a9522ec523b7740d29f555bdbe9d936af2\hk2-core-2.5.0-b32.jar;C:\Users\vxp8559\.gradle\caches\modules-2\files-2.1\org.glassfish.hk2\hk2-config\2.5.0-b32\dce05ac4225dbc0c1c382ad02e3b5bee51f0168a\hk2-config-2.5.0-b32.jar;C:\Users\vxp8559\.gradle\caches\modules-2\files-2.1\org.glassfish.hk2\hk2-runlevel\2.5.0-b32\60dc979763ea885e796cba4d3e322af8d500ba74\hk2-runlevel-2.5.0-b32.jar;C:\Users\vxp8559\.gradle\caches\modules-2\files-2.1\org.glassfish.hk2\class-model\2.5.0-b32\17f054f3e91898c0c0fc52163ad904b13c24e8b\class-model-2.5.0-b32.jar;C:\Users\vxp8559\.gradle\caches\modules-2\files-2.1\com.fasterxml.jackson.module\jackson-module-jaxb-annotations\2.8.10\22df8efd0cff7661bf136148c73e2651748f7600\jackson-module-jaxb-annotations-2.8.10.jar;C:\Users\vxp8559\.gradle\caches\modules-2\files-2.1\net.minidev\accessors-smart\1.1\a527213f2fea112a04c9bdf0ec0264e34104cd08\accessors-smart-1.1.jar;C:\Users\vxp8559\.gradle\caches\modules-2\files-2.1\ch.qos.logback\logback-core\1.1.11\88b8df40340eed549fb07e2613879bf6b006704d\logback-core-1.1.11.jar;C:\Users\vxp8559\.gradle\caches\modules-2\files-2.1\org.glassfish.hk2.external\asm-all-repackaged\2.5.0-b32\dc705f1d54cd5a96cbc5a473525e75ef1cb59a9e\asm-all-repackaged-2.5.0-b32.jar;C:\Users\vxp8559\.gradle\caches\modules-2\files-2.1\org.ow2.asm\asm\5.0.3\dcc2193db20e19e1feca8b1240dbbc4e190824fa\asm-5.0.3.jar, user.name=VXP8559, java.vm.specification.version=1.8, sun.java.command=worker.org.gradle.process.internal.worker.GradleWorkerMain 'Gradle Test Executor 1', java.home=C:\opt\isv\devtools\jdk1.8.0_45\jre, sun.arch.data.model=32, user.language=en, java.specification.vendor=Oracle Corporation, awt.toolkit=sun.awt.windows.WToolkit, java.vm.info=mixed mode, java.version=1.8.0_45, java.ext.dirs=C:\opt\isv\devtools\jdk1.8.0_45\jre\lib\ext;C:\WINDOWS\Sun\Java\lib\ext, sun.boot.class.path=C:\opt\isv\devtools\jdk1.8.0_45\jre\lib\resources.jar;C:\opt\isv\devtools\jdk1.8.0_45\jre\lib\rt.jar;C:\opt\isv\devtools\jdk1.8.0_45\jre\lib\sunrsasign.jar;C:\opt\isv\devtools\jdk1.8.0_45\jre\lib\jsse.jar;C:\opt\isv\devtools\jdk1.8.0_45\jre\lib\jce.jar;C:\opt\isv\devtools\jdk1.8.0_45\jre\lib\charsets.jar;C:\opt\isv\devtools\jdk1.8.0_45\jre\lib\jfr.jar;C:\opt\isv\devtools\jdk1.8.0_45\jre\classes, java.vendor=Oracle Corporation, org.gradle.test.worker=1, file.separator=\, java.vendor.url.bug=http://bugreport.sun.com/bugreport/, sun.io.unicode.encoding=UnicodeLittle, sun.cpu.endian=little, sun.desktop=windows, sun.cpu.isalist=pentium_pro+mmx pentium_pro pentium+mmx pentium i486 i386 i86}}, SystemEnvironmentPropertySource@10652298 {name='systemEnvironment', properties={USERDOMAIN_ROAMINGPROFILE=AMER, PROCESSOR_LEVEL=6, FP_NO_HOST_CHECK=NO, VS140COMNTOOLS=C:\Program Files\Microsoft Visual Studio 14.0\Common7\Tools\, FCMCLIENTTOOLSDIR=C:\Program Files\The Home Depot\FCMClientTools\, SESSIONNAME=Console, ALLUSERSPROFILE=C:\ProgramData, PROCESSOR_ARCHITECTURE=x86, ANDROID_HOME=C:\Program Files\Android\android-studio\sdk, PSModulePath=C:\WINDOWS\system32\WindowsPowerShell\v1.0\Modules\;C:\Program Files\The Home Depot\FCMClientTools\Modules\;C:\Program Files\Microsoft Monitoring Agent\Agent\PowerShell\;C:\Program Files\Microsoft Monitoring Agent\Agent\AzureAutomation\7.2.12024.0, SystemDrive=C:, DEFLOGDIR=C:\ProgramData\McAfee\DesktopProtection, USERNAME=VXP8559, OneDriveSync=C:\Users\vxp8559\OneDrive - The Home Depot, USERDNSDOMAIN=AMER.HOMEDEPOT.COM, PATHEXT=.COM;.EXE;.BAT;.CMD;.VBS;.VBE;.JS;.JSE;.WSF;.WSH;.MSC, MpConfig_ReportingGUID=0136DE80-6E7F-420A-B84A-64EC1F19D4B7, ProgramData=C:\ProgramData, MpConfig_ProductAppDataPath=C:\ProgramData\Microsoft\Windows Defender, HOMEPATH=\Users\vxp8559, PROCESSOR_IDENTIFIER=x86 Family 6 Model 58 Stepping 9, GenuineIntel, GYP_MSVS_VERSION=2015, ProgramFiles=C:\Program Files, PUBLIC=C:\Users\Public, windir=C:\WINDOWS, =::=::\, LOCALAPPDATA=C:\Users\vxp8559\AppData\Local, DisplayLinkConfigRoot=C:\Program Files\DisplayLink Core Software\\8.0.422.0\, USERDOMAIN=AMER, LOGONSERVER=\\WSPRAMER07, JAVA_HOME=C:\opt\isv\devtools\jdk1.8.0_45, GRADLE_HOME=C:\fptools\gradle-1.9, ANT_HOME=C:\fptools\apache-ant-1.9.3, asl.log=Destination=file, OneDrive=C:\Users\vxp8559\OneDrive - The Home Depot, APPDATA=C:\Users\vxp8559\AppData\Roaming, VSEDEFLOGDIR=C:\ProgramData\McAfee\DesktopProtection, windows_tracing_logfile=C:\BVTBin\Tests\installpackage\csilogfile.log, CommonProgramFiles=C:\Program Files\Common Files, MpConfig_ProductCodeName=AntiSpyware, Path=C:\ProgramData\Oracle\Java\javapath;C:\Program Files\RSA SecurID Token Common;C:\WINDOWS\system32;C:\WINDOWS;C:\WINDOWS\System32\Wbem;C:\WINDOWS\System32\WindowsPowerShell\v1.0\;C:\Program Files\TortoiseSVN\bin;C:\opt\isv\devtools\jdk1.8.0_45\bin;C:\fptools\apache-ant-1.9.3\bin;C:\fptools\gradle-1.9\bin;C:\Program Files\Android\android-studio\sdk\tools;C:\Program Files\Android\android-studio\sdk\platform-tools;C:\fptools;C:\WINDOWS\System32\WindowsPowerShell\v1.0\;C:\Program Files\CloudFoundry;C:\WINDOWS\System32\WindowsPowerShell\v1.0\;C:\Users\vxp8559\AppData\Local\Programs\Git\cmd;C:\Program Files\nodejs\;C:\Program Files\Windows Kits\8.1\Windows Performance Toolkit\;C:\WINDOWS\system32;C:\WINDOWS;C:\WINDOWS\System32\Wbem;C:\WINDOWS\System32\WindowsPowerShell\v1.0\;C:\Program Files\nodejs\;C:\Program Files\TortoiseSVN\bin;C:\fptools\apache-ant-1.9.3\bin;C:\fptools\gradle-1.9\bin;C:\Program Files\Android\android-studio\sdk\tools;C:\Program Files\Android\android-studio\sdk\platform-tools;C:\fptools;C:\Program Files\Microsoft VS Code\bin;C:\Users\vxp8559\AppData\Roaming\npm;C:\opt\isv\devtools\jdk1.8.0_45\bin, OS=Windows_NT, windows_tracing_flags=3, COMPUTERNAME=C9090970E5D7970, PROCESSOR_REVISION=3a09, MpConfig_ProductUserAppDataPath=C:\Users\vxp8559\AppData\Local\Microsoft\Windows Defender, ComSpec=C:\WINDOWS\system32\cmd.exe, UATDATA=C:\WINDOWS\CCM\UATData\D9F8C395-CAB8-491d-B8AC-179A1FE1BE77, SystemRoot=C:\WINDOWS, TEMP=C:\Users\vxp8559\AppData\Local\Temp\1, HOMEDRIVE=C:, USERPROFILE=C:\Users\vxp8559, TMP=C:\Users\vxp8559\AppData\Local\Temp\1, MpConfig_ProductPath=C:\Program Files\Windows Defender, NUMBER_OF_PROCESSORS=4}}]
20:41:04.216 [Test worker] DEBUG org.springframework.core.env.MutablePropertySources - Adding PropertySource 'inline' with highest search precedence
20:41:04.225 [Test worker] DEBUG org.springframework.test.context.support.TestPropertySourceUtils - Adding inlined properties to environment: {spring.jmx.enabled=false, org.springframework.boot.test.context.SpringBootTestContextBootstrapper=true, server.port=-1}
20:41:04.225 [Test worker] DEBUG org.springframework.core.env.StandardEnvironment - Adding PropertySource 'Inlined Test Properties' with highest search precedence

  .   ____          _            __ _ _
 /\\ / ___'_ __ _ _(_)_ __  __ _ \ \ \ \
( ( )\___ | '_ | '_| | '_ \/ _` | \ \ \ \
 \\/  ___)| |_)| | | | | || (_| |  ) ) ) )
  '  |____| .__|_| |_|_| |_\__, | / / / /
 =========|_|==============|___/=/_/_/_/
 :: Spring Boot ::        (v1.5.7.RELEASE)

2017-10-16 20:41:04.595  INFO 13144 --- [    Test worker] com.example.demo.DemoApplicationTests    : Starting DemoApplicationTests on C9090970E5D7970 with PID 13144 (started by VXP8559 in C:\Users\vxp8559\Documents\PCF Demo\demo\demo)
2017-10-16 20:41:04.596  INFO 13144 --- [    Test worker] com.example.demo.DemoApplicationTests    : No active profile set, falling back to default profiles: default
2017-10-16 20:41:04.666  INFO 13144 --- [    Test worker] o.s.w.c.s.GenericWebApplicationContext   : Refreshing org.springframework.web.context.support.GenericWebApplicationContext@143a5a7: startup date [Mon Oct 16 20:41:04 EDT 2017]; root of context hierarchy
2017-10-16 20:41:06.163  INFO 13144 --- [    Test worker] f.a.AutowiredAnnotationBeanPostProcessor : JSR-330 'javax.inject.Inject' annotation found and supported for autowiring
2017-10-16 20:41:07.216  INFO 13144 --- [    Test worker] s.w.s.m.m.a.RequestMappingHandlerAdapter : Looking for @ControllerAdvice: org.springframework.web.context.support.GenericWebApplicationContext@143a5a7: startup date [Mon Oct 16 20:41:04 EDT 2017]; root of context hierarchy
2017-10-16 20:41:07.302  INFO 13144 --- [    Test worker] s.w.s.m.m.a.RequestMappingHandlerMapping : Mapped "{[/home]}" onto java.lang.String com.example.controller.TestController.home()
2017-10-16 20:41:07.305  INFO 13144 --- [    Test worker] s.w.s.m.m.a.RequestMappingHandlerMapping : Mapped "{[/error]}" onto public org.springframework.http.ResponseEntity<java.util.Map<java.lang.String, java.lang.Object>> org.springframework.boot.autoconfigure.web.BasicErrorController.error(javax.servlet.http.HttpServletRequest)
2017-10-16 20:41:07.305  INFO 13144 --- [    Test worker] s.w.s.m.m.a.RequestMappingHandlerMapping : Mapped "{[/error],produces=[text/html]}" onto public org.springframework.web.servlet.ModelAndView org.springframework.boot.autoconfigure.web.BasicErrorController.errorHtml(javax.servlet.http.HttpServletRequest,javax.servlet.http.HttpServletResponse)
2017-10-16 20:41:07.350  INFO 13144 --- [    Test worker] o.s.w.s.handler.SimpleUrlHandlerMapping  : Mapped URL path [/webjars/**] onto handler of type [class org.springframework.web.servlet.resource.ResourceHttpRequestHandler]
2017-10-16 20:41:07.351  INFO 13144 --- [    Test worker] o.s.w.s.handler.SimpleUrlHandlerMapping  : Mapped URL path [/**] onto handler of type [class org.springframework.web.servlet.resource.ResourceHttpRequestHandler]
2017-10-16 20:41:07.409  INFO 13144 --- [    Test worker] o.s.w.s.handler.SimpleUrlHandlerMapping  : Mapped URL path [/**/favicon.ico] onto handler of type [class org.springframework.web.servlet.resource.ResourceHttpRequestHandler]
2017-10-16 20:41:07.808  INFO 13144 --- [    Test worker] o.s.b.a.e.mvc.EndpointHandlerMapping     : Mapped "{[/trace || /trace.json],methods=[GET],produces=[application/vnd.spring-boot.actuator.v1+json || application/json]}" onto public java.lang.Object org.springframework.boot.actuate.endpoint.mvc.EndpointMvcAdapter.invoke()
2017-10-16 20:41:07.809  INFO 13144 --- [    Test worker] o.s.b.a.e.mvc.EndpointHandlerMapping     : Mapped "{[/health || /health.json],methods=[GET],produces=[application/vnd.spring-boot.actuator.v1+json || application/json]}" onto public java.lang.Object org.springframework.boot.actuate.endpoint.mvc.HealthMvcEndpoint.invoke(javax.servlet.http.HttpServletRequest,java.security.Principal)
2017-10-16 20:41:07.810  INFO 13144 --- [    Test worker] o.s.b.a.e.mvc.EndpointHandlerMapping     : Mapped "{[/env/{name:.*}],methods=[GET],produces=[application/vnd.spring-boot.actuator.v1+json || application/json]}" onto public java.lang.Object org.springframework.boot.actuate.endpoint.mvc.EnvironmentMvcEndpoint.value(java.lang.String)
2017-10-16 20:41:07.810  INFO 13144 --- [    Test worker] o.s.b.a.e.mvc.EndpointHandlerMapping     : Mapped "{[/env || /env.json],methods=[GET],produces=[application/vnd.spring-boot.actuator.v1+json || application/json]}" onto public java.lang.Object org.springframework.boot.actuate.endpoint.mvc.EndpointMvcAdapter.invoke()
2017-10-16 20:41:07.810  INFO 13144 --- [    Test worker] o.s.b.a.e.mvc.EndpointHandlerMapping     : Mapped "{[/configprops || /configprops.json],methods=[GET],produces=[application/vnd.spring-boot.actuator.v1+json || application/json]}" onto public java.lang.Object org.springframework.boot.actuate.endpoint.mvc.EndpointMvcAdapter.invoke()
2017-10-16 20:41:07.811  INFO 13144 --- [    Test worker] o.s.b.a.e.mvc.EndpointHandlerMapping     : Mapped "{[/auditevents || /auditevents.json],methods=[GET],produces=[application/vnd.spring-boot.actuator.v1+json || application/json]}" onto public org.springframework.http.ResponseEntity<?> org.springframework.boot.actuate.endpoint.mvc.AuditEventsMvcEndpoint.findByPrincipalAndAfterAndType(java.lang.String,java.util.Date,java.lang.String)
2017-10-16 20:41:07.812  INFO 13144 --- [    Test worker] o.s.b.a.e.mvc.EndpointHandlerMapping     : Mapped "{[/beans || /beans.json],methods=[GET],produces=[application/vnd.spring-boot.actuator.v1+json || application/json]}" onto public java.lang.Object org.springframework.boot.actuate.endpoint.mvc.EndpointMvcAdapter.invoke()
2017-10-16 20:41:07.813  INFO 13144 --- [    Test worker] o.s.b.a.e.mvc.EndpointHandlerMapping     : Mapped "{[/autoconfig || /autoconfig.json],methods=[GET],produces=[application/vnd.spring-boot.actuator.v1+json || application/json]}" onto public java.lang.Object org.springframework.boot.actuate.endpoint.mvc.EndpointMvcAdapter.invoke()
2017-10-16 20:41:07.814  INFO 13144 --- [    Test worker] o.s.b.a.e.mvc.EndpointHandlerMapping     : Mapped "{[/metrics/{name:.*}],methods=[GET],produces=[application/vnd.spring-boot.actuator.v1+json || application/json]}" onto public java.lang.Object org.springframework.boot.actuate.endpoint.mvc.MetricsMvcEndpoint.value(java.lang.String)
2017-10-16 20:41:07.815  INFO 13144 --- [    Test worker] o.s.b.a.e.mvc.EndpointHandlerMapping     : Mapped "{[/metrics || /metrics.json],methods=[GET],produces=[application/vnd.spring-boot.actuator.v1+json || application/json]}" onto public java.lang.Object org.springframework.boot.actuate.endpoint.mvc.EndpointMvcAdapter.invoke()
2017-10-16 20:41:07.815  INFO 13144 --- [    Test worker] o.s.b.a.e.mvc.EndpointHandlerMapping     : Mapped "{[/heapdump || /heapdump.json],methods=[GET],produces=[application/octet-stream]}" onto public void org.springframework.boot.actuate.endpoint.mvc.HeapdumpMvcEndpoint.invoke(boolean,javax.servlet.http.HttpServletRequest,javax.servlet.http.HttpServletResponse) throws java.io.IOException,javax.servlet.ServletException
2017-10-16 20:41:07.816  INFO 13144 --- [    Test worker] o.s.b.a.e.mvc.EndpointHandlerMapping     : Mapped "{[/dump || /dump.json],methods=[GET],produces=[application/vnd.spring-boot.actuator.v1+json || application/json]}" onto public java.lang.Object org.springframework.boot.actuate.endpoint.mvc.EndpointMvcAdapter.invoke()
2017-10-16 20:41:07.817  INFO 13144 --- [    Test worker] o.s.b.a.e.mvc.EndpointHandlerMapping     : Mapped "{[/loggers/{name:.*}],methods=[GET],produces=[application/vnd.spring-boot.actuator.v1+json || application/json]}" onto public java.lang.Object org.springframework.boot.actuate.endpoint.mvc.LoggersMvcEndpoint.get(java.lang.String)
2017-10-16 20:41:07.818  INFO 13144 --- [    Test worker] o.s.b.a.e.mvc.EndpointHandlerMapping     : Mapped "{[/loggers/{name:.*}],methods=[POST],consumes=[application/vnd.spring-boot.actuator.v1+json || application/json],produces=[application/vnd.spring-boot.actuator.v1+json || application/json]}" onto public java.lang.Object org.springframework.boot.actuate.endpoint.mvc.LoggersMvcEndpoint.set(java.lang.String,java.util.Map<java.lang.String, java.lang.String>)
2017-10-16 20:41:07.818  INFO 13144 --- [    Test worker] o.s.b.a.e.mvc.EndpointHandlerMapping     : Mapped "{[/loggers || /loggers.json],methods=[GET],produces=[application/vnd.spring-boot.actuator.v1+json || application/json]}" onto public java.lang.Object org.springframework.boot.actuate.endpoint.mvc.EndpointMvcAdapter.invoke()
2017-10-16 20:41:07.818  INFO 13144 --- [    Test worker] o.s.b.a.e.mvc.EndpointHandlerMapping     : Mapped "{[/mappings || /mappings.json],methods=[GET],produces=[application/vnd.spring-boot.actuator.v1+json || application/json]}" onto public java.lang.Object org.springframework.boot.actuate.endpoint.mvc.EndpointMvcAdapter.invoke()
2017-10-16 20:41:07.819  INFO 13144 --- [    Test worker] o.s.b.a.e.mvc.EndpointHandlerMapping     : Mapped "{[/info || /info.json],methods=[GET],produces=[application/vnd.spring-boot.actuator.v1+json || application/json]}" onto public java.lang.Object org.springframework.boot.actuate.endpoint.mvc.EndpointMvcAdapter.invoke()
2017-10-16 20:41:08.039  INFO 13144 --- [    Test worker] com.example.demo.DemoApplicationTests    : Started DemoApplicationTests in 3.8 seconds (JVM running for 5.115)
]]></system-out>
  <system-err><![CDATA[]]></system-err>
</testsuite>
